  glad.c
  main.cpp
E:\Projects\GraphicsAPI\LearnOpenGL\OGL\OGL\main.cpp(219,22): warning C4244: 'initializing': conversion from 'double' to 'float', possible loss of data
E:\Projects\GraphicsAPI\LearnOpenGL\OGL\OGL\main.cpp(303,11): warning C4244: '=': conversion from 'double' to 'float', possible loss of data
E:\Projects\GraphicsAPI\LearnOpenGL\OGL\OGL\main.cpp(304,11): warning C4244: '=': conversion from 'double' to 'float', possible loss of data
E:\Projects\GraphicsAPI\LearnOpenGL\OGL\OGL\main.cpp(308,16): warning C4244: 'initializing': conversion from 'double' to 'float', possible loss of data
E:\Projects\GraphicsAPI\LearnOpenGL\OGL\OGL\main.cpp(309,16): warning C4244: 'initializing': conversion from 'double' to 'float', possible loss of data
E:\Projects\GraphicsAPI\LearnOpenGL\OGL\OGL\main.cpp(310,10): warning C4244: '=': conversion from 'double' to 'float', possible loss of data
E:\Projects\GraphicsAPI\LearnOpenGL\OGL\OGL\main.cpp(311,10): warning C4244: '=': conversion from 'double' to 'float', possible loss of data
  Shader.cpp
  Generating Code...
glfw3.lib(context.obj) : warning LNK4099: PDB 'glfw.pdb' was not found with 'glfw3.lib(context.obj)' or at 'E:\Projects\GraphicsAPI\LearnOpenGL\OGL\x64\Debug\glfw.pdb'; linking object as if no debug info
glfw3.lib(init.obj) : warning LNK4099: PDB '' was not found with 'glfw3.lib(init.obj)' or at ''; linking object as if no debug info
glfw3.lib(input.obj) : warning LNK4099: PDB 'glfw.pdb' was not found with 'glfw3.lib(input.obj)' or at 'E:\Projects\GraphicsAPI\LearnOpenGL\OGL\x64\Debug\glfw.pdb'; linking object as if no debug info
glfw3.lib(monitor.obj) : warning LNK4099: PDB '' was not found with 'glfw3.lib(monitor.obj)' or at ''; linking object as if no debug info
glfw3.lib(vulkan.obj) : warning LNK4099: PDB 'glfw.pdb' was not found with 'glfw3.lib(vulkan.obj)' or at 'E:\Projects\GraphicsAPI\LearnOpenGL\OGL\x64\Debug\glfw.pdb'; linking object as if no debug info
glfw3.lib(window.obj) : warning LNK4099: PDB 'glfw.pdb' was not found with 'glfw3.lib(window.obj)' or at 'E:\Projects\GraphicsAPI\LearnOpenGL\OGL\x64\Debug\glfw.pdb'; linking object as if no debug info
glfw3.lib(win32_init.obj) : warning LNK4099: PDB 'glfw.pdb' was not found with 'glfw3.lib(win32_init.obj)' or at 'E:\Projects\GraphicsAPI\LearnOpenGL\OGL\x64\Debug\glfw.pdb'; linking object as if no debug info
glfw3.lib(win32_joystick.obj) : warning LNK4099: PDB 'glfw.pdb' was not found with 'glfw3.lib(win32_joystick.obj)' or at 'E:\Projects\GraphicsAPI\LearnOpenGL\OGL\x64\Debug\glfw.pdb'; linking object as if no debug info
glfw3.lib(win32_monitor.obj) : warning LNK4099: PDB 'glfw.pdb' was not found with 'glfw3.lib(win32_monitor.obj)' or at 'E:\Projects\GraphicsAPI\LearnOpenGL\OGL\x64\Debug\glfw.pdb'; linking object as if no debug info
glfw3.lib(win32_time.obj) : warning LNK4099: PDB '' was not found with 'glfw3.lib(win32_time.obj)' or at ''; linking object as if no debug info
glfw3.lib(win32_thread.obj) : warning LNK4099: PDB 'glfw.pdb' was not found with 'glfw3.lib(win32_thread.obj)' or at 'E:\Projects\GraphicsAPI\LearnOpenGL\OGL\x64\Debug\glfw.pdb'; linking object as if no debug info
glfw3.lib(win32_window.obj) : warning LNK4099: PDB 'glfw.pdb' was not found with 'glfw3.lib(win32_window.obj)' or at 'E:\Projects\GraphicsAPI\LearnOpenGL\OGL\x64\Debug\glfw.pdb'; linking object as if no debug info
glfw3.lib(wgl_context.obj) : warning LNK4099: PDB 'glfw.pdb' was not found with 'glfw3.lib(wgl_context.obj)' or at 'E:\Projects\GraphicsAPI\LearnOpenGL\OGL\x64\Debug\glfw.pdb'; linking object as if no debug info
glfw3.lib(egl_context.obj) : warning LNK4099: PDB 'glfw.pdb' was not found with 'glfw3.lib(egl_context.obj)' or at 'E:\Projects\GraphicsAPI\LearnOpenGL\OGL\x64\Debug\glfw.pdb'; linking object as if no debug info
glfw3.lib(osmesa_context.obj) : warning LNK4099: PDB '' was not found with 'glfw3.lib(osmesa_context.obj)' or at ''; linking object as if no debug info
  OGL.vcxproj -> E:\Projects\GraphicsAPI\LearnOpenGL\OGL\x64\Debug\OGL.exe
